Release 13.1 - ngc2edif O.40d (nt64)
Copyright (c) 1995-2011 Xilinx, Inc.  All rights reserved.
Reading design Controller.ngc ...
WARNING:NetListWriters:298 - No output is written to Controller.xncf, ignored.
Processing design ...
   Preping design's networks ...
   Preping design's macros ...
  finished :Prep
Writing EDIF netlist file Controller.edif ...
ngc2edif: Total memory usage is 79016 kilobytes

Release 13.1 - ngc2edif O.40d (nt64)
Copyright (c) 1995-2011 Xilinx, Inc.  All rights reserved.
Reading design multiplier.ngc ...
WARNING:NetListWriters:298 - No output is written to multiplier.xncf, ignored.
Processing design ...
   Preping design's networks ...
   Preping design's macros ...
  finished :Prep
Writing EDIF netlist file multiplier.edif ...
ngc2edif: Total memory usage is 84136 kilobytes

Release 13.1 - ngc2edif O.40d (nt64)
Copyright (c) 1995-2011 Xilinx, Inc.  All rights reserved.
Reading design bl_rom.ngc ...
WARNING:NetListWriters:298 - No output is written to bl_rom.xncf, ignored.
Processing design ...
   Preping design's networks ...
   Preping design's macros ...
  finished :Prep
Writing EDIF netlist file bl_rom.edif ...
ngc2edif: Total memory usage is 79464 kilobytes

Release 13.1 - ngc2edif O.40d (nt64)
Copyright (c) 1995-2011 Xilinx, Inc.  All rights reserved.
Reading design pro_rom.ngc ...
WARNING:NetListWriters:298 - No output is written to pro_rom.xncf, ignored.
Processing design ...
   Preping design's networks ...
   Preping design's macros ...
  finished :Prep
Writing EDIF netlist file pro_rom.edif ...
ngc2edif: Total memory usage is 79016 kilobytes

Release 13.1 - ngc2edif O.40d (nt64)
Copyright (c) 1995-2011 Xilinx, Inc.  All rights reserved.
Reading design Controller.ngc ...
WARNING:NetListWriters:298 - No output is written to Controller.xncf, ignored.
Processing design ...
   Preping design's networks ...
   Preping design's macros ...
  finished :Prep
Writing EDIF netlist file Controller.edif ...
ngc2edif: Total memory usage is 78440 kilobytes

Release 13.1 - ngc2edif O.40d (nt64)
Copyright (c) 1995-2011 Xilinx, Inc.  All rights reserved.
Reading design multiplier.ngc ...
WARNING:NetListWriters:298 - No output is written to multiplier.xncf, ignored.
Processing design ...
   Preping design's networks ...
   Preping design's macros ...
  finished :Prep
Writing EDIF netlist file multiplier.edif ...
ngc2edif: Total memory usage is 84136 kilobytes

Release 13.1 - ngc2edif O.40d (nt64)
Copyright (c) 1995-2011 Xilinx, Inc.  All rights reserved.
Reading design bl_rom.ngc ...
WARNING:NetListWriters:298 - No output is written to bl_rom.xncf, ignored.
Processing design ...
   Preping design's networks ...
   Preping design's macros ...
  finished :Prep
Writing EDIF netlist file bl_rom.edif ...
ngc2edif: Total memory usage is 79016 kilobytes

Release 13.1 - ngc2edif O.40d (nt64)
Copyright (c) 1995-2011 Xilinx, Inc.  All rights reserved.
Reading design pro_rom.ngc ...
WARNING:NetListWriters:298 - No output is written to pro_rom.xncf, ignored.
Processing design ...
   Preping design's networks ...
   Preping design's macros ...
  finished :Prep
Writing EDIF netlist file pro_rom.edif ...
ngc2edif: Total memory usage is 78952 kilobytes

Release 13.1 - ngc2edif O.40d (nt64)
Copyright (c) 1995-2011 Xilinx, Inc.  All rights reserved.
Reading design Controller.ngc ...
WARNING:NetListWriters:298 - No output is written to Controller.xncf, ignored.
Processing design ...
   Preping design's networks ...
   Preping design's macros ...
  finished :Prep
Writing EDIF netlist file Controller.edif ...
ngc2edif: Total memory usage is 78312 kilobytes

Release 13.1 - ngc2edif O.40d (nt64)
Copyright (c) 1995-2011 Xilinx, Inc.  All rights reserved.
Reading design multiplier.ngc ...
WARNING:NetListWriters:298 - No output is written to multiplier.xncf, ignored.
Processing design ...
   Preping design's networks ...
   Preping design's macros ...
  finished :Prep
Writing EDIF netlist file multiplier.edif ...
ngc2edif: Total memory usage is 83496 kilobytes

Release 13.1 - ngc2edif O.40d (nt64)
Copyright (c) 1995-2011 Xilinx, Inc.  All rights reserved.
Reading design bl_rom.ngc ...
WARNING:NetListWriters:298 - No output is written to bl_rom.xncf, ignored.
Processing design ...
   Preping design's networks ...
   Preping design's macros ...
  finished :Prep
Writing EDIF netlist file bl_rom.edif ...
ngc2edif: Total memory usage is 79016 kilobytes

Release 13.1 - ngc2edif O.40d (nt64)
Copyright (c) 1995-2011 Xilinx, Inc.  All rights reserved.
Reading design pro_rom.ngc ...
WARNING:NetListWriters:298 - No output is written to pro_rom.xncf, ignored.
Processing design ...
   Preping design's networks ...
   Preping design's macros ...
  finished :Prep
Writing EDIF netlist file pro_rom.edif ...
ngc2edif: Total memory usage is 79016 kilobytes

